Created by PLY version 3.8 (http://www.dabeaz.com/ply)

Unused terminals:

    VARIABLE
    NUMBER
    ASSIGNATION

Grammar

Rule 0     S' -> document
Rule 1     document -> sentence
Rule 2     sentence -> WORD
Rule 3     sentence -> tag
Rule 4     sentence -> WORD sentence
Rule 5     sentence -> tag sentence
Rule 6     tag -> BOLD
Rule 7     tag -> FLUO
Rule 8     tag -> LINK
Rule 9     tag -> REFERENCE
Rule 10    tag -> IMAGE
Rule 11    tag -> SEPARATION_LINE
Rule 12    tag -> UL1
Rule 13    tag -> UL2
Rule 14    tag -> UL3
Rule 15    tag -> ITALIC
Rule 16    tag -> OL1
Rule 17    tag -> OL2
Rule 18    tag -> OL3
Rule 19    tag -> TITLE1
Rule 20    tag -> TITLE2
Rule 21    tag -> TITLE3
Rule 22    tag -> PARAGRAPHE

Terminals, with rules where they appear

ASSIGNATION          : 
BOLD                 : 6
FLUO                 : 7
IMAGE                : 10
ITALIC               : 15
LINK                 : 8
NUMBER               : 
OL1                  : 16
OL2                  : 17
OL3                  : 18
PARAGRAPHE           : 22
REFERENCE            : 9
SEPARATION_LINE      : 11
TITLE1               : 19
TITLE2               : 20
TITLE3               : 21
UL1                  : 12
UL2                  : 13
UL3                  : 14
VARIABLE             : 
WORD                 : 2 4
error                : 

Nonterminals, with rules where they appear

document             : 0
sentence             : 1 4 5
tag                  : 3 5

Parsing method: LALR

state 0

    (0) S' -> . document
    (1) document -> . sentence
    (2) sentence -> . WORD
    (3) sentence -> . tag
    (4) sentence -> . WORD sentence
    (5) sentence -> . tag sentence
    (6) tag -> . BOLD
    (7) tag -> . FLUO
    (8) tag -> . LINK
    (9) tag -> . REFERENCE
    (10) tag -> . IMAGE
    (11) tag -> . SEPARATION_LINE
    (12) tag -> . UL1
    (13) tag -> . UL2
    (14) tag -> . UL3
    (15) tag -> . ITALIC
    (16) tag -> . OL1
    (17) tag -> . OL2
    (18) tag -> . OL3
    (19) tag -> . TITLE1
    (20) tag -> . TITLE2
    (21) tag -> . TITLE3
    (22) tag -> . PARAGRAPHE

    WORD            shift and go to state 20
    BOLD            shift and go to state 4
    FLUO            shift and go to state 10
    LINK            shift and go to state 15
    REFERENCE       shift and go to state 6
    IMAGE           shift and go to state 7
    SEPARATION_LINE shift and go to state 14
    UL1             shift and go to state 8
    UL2             shift and go to state 19
    UL3             shift and go to state 13
    ITALIC          shift and go to state 18
    OL1             shift and go to state 21
    OL2             shift and go to state 5
    OL3             shift and go to state 2
    TITLE1          shift and go to state 16
    TITLE2          shift and go to state 17
    TITLE3          shift and go to state 9
    PARAGRAPHE      shift and go to state 11

    tag                            shift and go to state 1
    document                       shift and go to state 3
    sentence                       shift and go to state 12

state 1

    (3) sentence -> tag .
    (5) sentence -> tag . sentence
    (2) sentence -> . WORD
    (3) sentence -> . tag
    (4) sentence -> . WORD sentence
    (5) sentence -> . tag sentence
    (6) tag -> . BOLD
    (7) tag -> . FLUO
    (8) tag -> . LINK
    (9) tag -> . REFERENCE
    (10) tag -> . IMAGE
    (11) tag -> . SEPARATION_LINE
    (12) tag -> . UL1
    (13) tag -> . UL2
    (14) tag -> . UL3
    (15) tag -> . ITALIC
    (16) tag -> . OL1
    (17) tag -> . OL2
    (18) tag -> . OL3
    (19) tag -> . TITLE1
    (20) tag -> . TITLE2
    (21) tag -> . TITLE3
    (22) tag -> . PARAGRAPHE

    $end            reduce using rule 3 (sentence -> tag .)
    WORD            shift and go to state 20
    BOLD            shift and go to state 4
    FLUO            shift and go to state 10
    LINK            shift and go to state 15
    REFERENCE       shift and go to state 6
    IMAGE           shift and go to state 7
    SEPARATION_LINE shift and go to state 14
    UL1             shift and go to state 8
    UL2             shift and go to state 19
    UL3             shift and go to state 13
    ITALIC          shift and go to state 18
    OL1             shift and go to state 21
    OL2             shift and go to state 5
    OL3             shift and go to state 2
    TITLE1          shift and go to state 16
    TITLE2          shift and go to state 17
    TITLE3          shift and go to state 9
    PARAGRAPHE      shift and go to state 11

    tag                            shift and go to state 1
    sentence                       shift and go to state 22

state 2

    (18) tag -> OL3 .

    WORD            reduce using rule 18 (tag -> OL3 .)
    BOLD            reduce using rule 18 (tag -> OL3 .)
    FLUO            reduce using rule 18 (tag -> OL3 .)
    LINK            reduce using rule 18 (tag -> OL3 .)
    REFERENCE       reduce using rule 18 (tag -> OL3 .)
    IMAGE           reduce using rule 18 (tag -> OL3 .)
    SEPARATION_LINE reduce using rule 18 (tag -> OL3 .)
    UL1             reduce using rule 18 (tag -> OL3 .)
    UL2             reduce using rule 18 (tag -> OL3 .)
    UL3             reduce using rule 18 (tag -> OL3 .)
    ITALIC          reduce using rule 18 (tag -> OL3 .)
    OL1             reduce using rule 18 (tag -> OL3 .)
    OL2             reduce using rule 18 (tag -> OL3 .)
    OL3             reduce using rule 18 (tag -> OL3 .)
    TITLE1          reduce using rule 18 (tag -> OL3 .)
    TITLE2          reduce using rule 18 (tag -> OL3 .)
    TITLE3          reduce using rule 18 (tag -> OL3 .)
    PARAGRAPHE      reduce using rule 18 (tag -> OL3 .)
    $end            reduce using rule 18 (tag -> OL3 .)


state 3

    (0) S' -> document .



state 4

    (6) tag -> BOLD .

    WORD            reduce using rule 6 (tag -> BOLD .)
    BOLD            reduce using rule 6 (tag -> BOLD .)
    FLUO            reduce using rule 6 (tag -> BOLD .)
    LINK            reduce using rule 6 (tag -> BOLD .)
    REFERENCE       reduce using rule 6 (tag -> BOLD .)
    IMAGE           reduce using rule 6 (tag -> BOLD .)
    SEPARATION_LINE reduce using rule 6 (tag -> BOLD .)
    UL1             reduce using rule 6 (tag -> BOLD .)
    UL2             reduce using rule 6 (tag -> BOLD .)
    UL3             reduce using rule 6 (tag -> BOLD .)
    ITALIC          reduce using rule 6 (tag -> BOLD .)
    OL1             reduce using rule 6 (tag -> BOLD .)
    OL2             reduce using rule 6 (tag -> BOLD .)
    OL3             reduce using rule 6 (tag -> BOLD .)
    TITLE1          reduce using rule 6 (tag -> BOLD .)
    TITLE2          reduce using rule 6 (tag -> BOLD .)
    TITLE3          reduce using rule 6 (tag -> BOLD .)
    PARAGRAPHE      reduce using rule 6 (tag -> BOLD .)
    $end            reduce using rule 6 (tag -> BOLD .)


state 5

    (17) tag -> OL2 .

    WORD            reduce using rule 17 (tag -> OL2 .)
    BOLD            reduce using rule 17 (tag -> OL2 .)
    FLUO            reduce using rule 17 (tag -> OL2 .)
    LINK            reduce using rule 17 (tag -> OL2 .)
    REFERENCE       reduce using rule 17 (tag -> OL2 .)
    IMAGE           reduce using rule 17 (tag -> OL2 .)
    SEPARATION_LINE reduce using rule 17 (tag -> OL2 .)
    UL1             reduce using rule 17 (tag -> OL2 .)
    UL2             reduce using rule 17 (tag -> OL2 .)
    UL3             reduce using rule 17 (tag -> OL2 .)
    ITALIC          reduce using rule 17 (tag -> OL2 .)
    OL1             reduce using rule 17 (tag -> OL2 .)
    OL2             reduce using rule 17 (tag -> OL2 .)
    OL3             reduce using rule 17 (tag -> OL2 .)
    TITLE1          reduce using rule 17 (tag -> OL2 .)
    TITLE2          reduce using rule 17 (tag -> OL2 .)
    TITLE3          reduce using rule 17 (tag -> OL2 .)
    PARAGRAPHE      reduce using rule 17 (tag -> OL2 .)
    $end            reduce using rule 17 (tag -> OL2 .)


state 6

    (9) tag -> REFERENCE .

    WORD            reduce using rule 9 (tag -> REFERENCE .)
    BOLD            reduce using rule 9 (tag -> REFERENCE .)
    FLUO            reduce using rule 9 (tag -> REFERENCE .)
    LINK            reduce using rule 9 (tag -> REFERENCE .)
    REFERENCE       reduce using rule 9 (tag -> REFERENCE .)
    IMAGE           reduce using rule 9 (tag -> REFERENCE .)
    SEPARATION_LINE reduce using rule 9 (tag -> REFERENCE .)
    UL1             reduce using rule 9 (tag -> REFERENCE .)
    UL2             reduce using rule 9 (tag -> REFERENCE .)
    UL3             reduce using rule 9 (tag -> REFERENCE .)
    ITALIC          reduce using rule 9 (tag -> REFERENCE .)
    OL1             reduce using rule 9 (tag -> REFERENCE .)
    OL2             reduce using rule 9 (tag -> REFERENCE .)
    OL3             reduce using rule 9 (tag -> REFERENCE .)
    TITLE1          reduce using rule 9 (tag -> REFERENCE .)
    TITLE2          reduce using rule 9 (tag -> REFERENCE .)
    TITLE3          reduce using rule 9 (tag -> REFERENCE .)
    PARAGRAPHE      reduce using rule 9 (tag -> REFERENCE .)
    $end            reduce using rule 9 (tag -> REFERENCE .)


state 7

    (10) tag -> IMAGE .

    WORD            reduce using rule 10 (tag -> IMAGE .)
    BOLD            reduce using rule 10 (tag -> IMAGE .)
    FLUO            reduce using rule 10 (tag -> IMAGE .)
    LINK            reduce using rule 10 (tag -> IMAGE .)
    REFERENCE       reduce using rule 10 (tag -> IMAGE .)
    IMAGE           reduce using rule 10 (tag -> IMAGE .)
    SEPARATION_LINE reduce using rule 10 (tag -> IMAGE .)
    UL1             reduce using rule 10 (tag -> IMAGE .)
    UL2             reduce using rule 10 (tag -> IMAGE .)
    UL3             reduce using rule 10 (tag -> IMAGE .)
    ITALIC          reduce using rule 10 (tag -> IMAGE .)
    OL1             reduce using rule 10 (tag -> IMAGE .)
    OL2             reduce using rule 10 (tag -> IMAGE .)
    OL3             reduce using rule 10 (tag -> IMAGE .)
    TITLE1          reduce using rule 10 (tag -> IMAGE .)
    TITLE2          reduce using rule 10 (tag -> IMAGE .)
    TITLE3          reduce using rule 10 (tag -> IMAGE .)
    PARAGRAPHE      reduce using rule 10 (tag -> IMAGE .)
    $end            reduce using rule 10 (tag -> IMAGE .)


state 8

    (12) tag -> UL1 .

    WORD            reduce using rule 12 (tag -> UL1 .)
    BOLD            reduce using rule 12 (tag -> UL1 .)
    FLUO            reduce using rule 12 (tag -> UL1 .)
    LINK            reduce using rule 12 (tag -> UL1 .)
    REFERENCE       reduce using rule 12 (tag -> UL1 .)
    IMAGE           reduce using rule 12 (tag -> UL1 .)
    SEPARATION_LINE reduce using rule 12 (tag -> UL1 .)
    UL1             reduce using rule 12 (tag -> UL1 .)
    UL2             reduce using rule 12 (tag -> UL1 .)
    UL3             reduce using rule 12 (tag -> UL1 .)
    ITALIC          reduce using rule 12 (tag -> UL1 .)
    OL1             reduce using rule 12 (tag -> UL1 .)
    OL2             reduce using rule 12 (tag -> UL1 .)
    OL3             reduce using rule 12 (tag -> UL1 .)
    TITLE1          reduce using rule 12 (tag -> UL1 .)
    TITLE2          reduce using rule 12 (tag -> UL1 .)
    TITLE3          reduce using rule 12 (tag -> UL1 .)
    PARAGRAPHE      reduce using rule 12 (tag -> UL1 .)
    $end            reduce using rule 12 (tag -> UL1 .)


state 9

    (21) tag -> TITLE3 .

    WORD            reduce using rule 21 (tag -> TITLE3 .)
    BOLD            reduce using rule 21 (tag -> TITLE3 .)
    FLUO            reduce using rule 21 (tag -> TITLE3 .)
    LINK            reduce using rule 21 (tag -> TITLE3 .)
    REFERENCE       reduce using rule 21 (tag -> TITLE3 .)
    IMAGE           reduce using rule 21 (tag -> TITLE3 .)
    SEPARATION_LINE reduce using rule 21 (tag -> TITLE3 .)
    UL1             reduce using rule 21 (tag -> TITLE3 .)
    UL2             reduce using rule 21 (tag -> TITLE3 .)
    UL3             reduce using rule 21 (tag -> TITLE3 .)
    ITALIC          reduce using rule 21 (tag -> TITLE3 .)
    OL1             reduce using rule 21 (tag -> TITLE3 .)
    OL2             reduce using rule 21 (tag -> TITLE3 .)
    OL3             reduce using rule 21 (tag -> TITLE3 .)
    TITLE1          reduce using rule 21 (tag -> TITLE3 .)
    TITLE2          reduce using rule 21 (tag -> TITLE3 .)
    TITLE3          reduce using rule 21 (tag -> TITLE3 .)
    PARAGRAPHE      reduce using rule 21 (tag -> TITLE3 .)
    $end            reduce using rule 21 (tag -> TITLE3 .)


state 10

    (7) tag -> FLUO .

    WORD            reduce using rule 7 (tag -> FLUO .)
    BOLD            reduce using rule 7 (tag -> FLUO .)
    FLUO            reduce using rule 7 (tag -> FLUO .)
    LINK            reduce using rule 7 (tag -> FLUO .)
    REFERENCE       reduce using rule 7 (tag -> FLUO .)
    IMAGE           reduce using rule 7 (tag -> FLUO .)
    SEPARATION_LINE reduce using rule 7 (tag -> FLUO .)
    UL1             reduce using rule 7 (tag -> FLUO .)
    UL2             reduce using rule 7 (tag -> FLUO .)
    UL3             reduce using rule 7 (tag -> FLUO .)
    ITALIC          reduce using rule 7 (tag -> FLUO .)
    OL1             reduce using rule 7 (tag -> FLUO .)
    OL2             reduce using rule 7 (tag -> FLUO .)
    OL3             reduce using rule 7 (tag -> FLUO .)
    TITLE1          reduce using rule 7 (tag -> FLUO .)
    TITLE2          reduce using rule 7 (tag -> FLUO .)
    TITLE3          reduce using rule 7 (tag -> FLUO .)
    PARAGRAPHE      reduce using rule 7 (tag -> FLUO .)
    $end            reduce using rule 7 (tag -> FLUO .)


state 11

    (22) tag -> PARAGRAPHE .

    WORD            reduce using rule 22 (tag -> PARAGRAPHE .)
    BOLD            reduce using rule 22 (tag -> PARAGRAPHE .)
    FLUO            reduce using rule 22 (tag -> PARAGRAPHE .)
    LINK            reduce using rule 22 (tag -> PARAGRAPHE .)
    REFERENCE       reduce using rule 22 (tag -> PARAGRAPHE .)
    IMAGE           reduce using rule 22 (tag -> PARAGRAPHE .)
    SEPARATION_LINE reduce using rule 22 (tag -> PARAGRAPHE .)
    UL1             reduce using rule 22 (tag -> PARAGRAPHE .)
    UL2             reduce using rule 22 (tag -> PARAGRAPHE .)
    UL3             reduce using rule 22 (tag -> PARAGRAPHE .)
    ITALIC          reduce using rule 22 (tag -> PARAGRAPHE .)
    OL1             reduce using rule 22 (tag -> PARAGRAPHE .)
    OL2             reduce using rule 22 (tag -> PARAGRAPHE .)
    OL3             reduce using rule 22 (tag -> PARAGRAPHE .)
    TITLE1          reduce using rule 22 (tag -> PARAGRAPHE .)
    TITLE2          reduce using rule 22 (tag -> PARAGRAPHE .)
    TITLE3          reduce using rule 22 (tag -> PARAGRAPHE .)
    PARAGRAPHE      reduce using rule 22 (tag -> PARAGRAPHE .)
    $end            reduce using rule 22 (tag -> PARAGRAPHE .)


state 12

    (1) document -> sentence .

    $end            reduce using rule 1 (document -> sentence .)


state 13

    (14) tag -> UL3 .

    WORD            reduce using rule 14 (tag -> UL3 .)
    BOLD            reduce using rule 14 (tag -> UL3 .)
    FLUO            reduce using rule 14 (tag -> UL3 .)
    LINK            reduce using rule 14 (tag -> UL3 .)
    REFERENCE       reduce using rule 14 (tag -> UL3 .)
    IMAGE           reduce using rule 14 (tag -> UL3 .)
    SEPARATION_LINE reduce using rule 14 (tag -> UL3 .)
    UL1             reduce using rule 14 (tag -> UL3 .)
    UL2             reduce using rule 14 (tag -> UL3 .)
    UL3             reduce using rule 14 (tag -> UL3 .)
    ITALIC          reduce using rule 14 (tag -> UL3 .)
    OL1             reduce using rule 14 (tag -> UL3 .)
    OL2             reduce using rule 14 (tag -> UL3 .)
    OL3             reduce using rule 14 (tag -> UL3 .)
    TITLE1          reduce using rule 14 (tag -> UL3 .)
    TITLE2          reduce using rule 14 (tag -> UL3 .)
    TITLE3          reduce using rule 14 (tag -> UL3 .)
    PARAGRAPHE      reduce using rule 14 (tag -> UL3 .)
    $end            reduce using rule 14 (tag -> UL3 .)


state 14

    (11) tag -> SEPARATION_LINE .

    WORD            reduce using rule 11 (tag -> SEPARATION_LINE .)
    BOLD            reduce using rule 11 (tag -> SEPARATION_LINE .)
    FLUO            reduce using rule 11 (tag -> SEPARATION_LINE .)
    LINK            reduce using rule 11 (tag -> SEPARATION_LINE .)
    REFERENCE       reduce using rule 11 (tag -> SEPARATION_LINE .)
    IMAGE           reduce using rule 11 (tag -> SEPARATION_LINE .)
    SEPARATION_LINE reduce using rule 11 (tag -> SEPARATION_LINE .)
    UL1             reduce using rule 11 (tag -> SEPARATION_LINE .)
    UL2             reduce using rule 11 (tag -> SEPARATION_LINE .)
    UL3             reduce using rule 11 (tag -> SEPARATION_LINE .)
    ITALIC          reduce using rule 11 (tag -> SEPARATION_LINE .)
    OL1             reduce using rule 11 (tag -> SEPARATION_LINE .)
    OL2             reduce using rule 11 (tag -> SEPARATION_LINE .)
    OL3             reduce using rule 11 (tag -> SEPARATION_LINE .)
    TITLE1          reduce using rule 11 (tag -> SEPARATION_LINE .)
    TITLE2          reduce using rule 11 (tag -> SEPARATION_LINE .)
    TITLE3          reduce using rule 11 (tag -> SEPARATION_LINE .)
    PARAGRAPHE      reduce using rule 11 (tag -> SEPARATION_LINE .)
    $end            reduce using rule 11 (tag -> SEPARATION_LINE .)


state 15

    (8) tag -> LINK .

    WORD            reduce using rule 8 (tag -> LINK .)
    BOLD            reduce using rule 8 (tag -> LINK .)
    FLUO            reduce using rule 8 (tag -> LINK .)
    LINK            reduce using rule 8 (tag -> LINK .)
    REFERENCE       reduce using rule 8 (tag -> LINK .)
    IMAGE           reduce using rule 8 (tag -> LINK .)
    SEPARATION_LINE reduce using rule 8 (tag -> LINK .)
    UL1             reduce using rule 8 (tag -> LINK .)
    UL2             reduce using rule 8 (tag -> LINK .)
    UL3             reduce using rule 8 (tag -> LINK .)
    ITALIC          reduce using rule 8 (tag -> LINK .)
    OL1             reduce using rule 8 (tag -> LINK .)
    OL2             reduce using rule 8 (tag -> LINK .)
    OL3             reduce using rule 8 (tag -> LINK .)
    TITLE1          reduce using rule 8 (tag -> LINK .)
    TITLE2          reduce using rule 8 (tag -> LINK .)
    TITLE3          reduce using rule 8 (tag -> LINK .)
    PARAGRAPHE      reduce using rule 8 (tag -> LINK .)
    $end            reduce using rule 8 (tag -> LINK .)


state 16

    (19) tag -> TITLE1 .

    WORD            reduce using rule 19 (tag -> TITLE1 .)
    BOLD            reduce using rule 19 (tag -> TITLE1 .)
    FLUO            reduce using rule 19 (tag -> TITLE1 .)
    LINK            reduce using rule 19 (tag -> TITLE1 .)
    REFERENCE       reduce using rule 19 (tag -> TITLE1 .)
    IMAGE           reduce using rule 19 (tag -> TITLE1 .)
    SEPARATION_LINE reduce using rule 19 (tag -> TITLE1 .)
    UL1             reduce using rule 19 (tag -> TITLE1 .)
    UL2             reduce using rule 19 (tag -> TITLE1 .)
    UL3             reduce using rule 19 (tag -> TITLE1 .)
    ITALIC          reduce using rule 19 (tag -> TITLE1 .)
    OL1             reduce using rule 19 (tag -> TITLE1 .)
    OL2             reduce using rule 19 (tag -> TITLE1 .)
    OL3             reduce using rule 19 (tag -> TITLE1 .)
    TITLE1          reduce using rule 19 (tag -> TITLE1 .)
    TITLE2          reduce using rule 19 (tag -> TITLE1 .)
    TITLE3          reduce using rule 19 (tag -> TITLE1 .)
    PARAGRAPHE      reduce using rule 19 (tag -> TITLE1 .)
    $end            reduce using rule 19 (tag -> TITLE1 .)


state 17

    (20) tag -> TITLE2 .

    WORD            reduce using rule 20 (tag -> TITLE2 .)
    BOLD            reduce using rule 20 (tag -> TITLE2 .)
    FLUO            reduce using rule 20 (tag -> TITLE2 .)
    LINK            reduce using rule 20 (tag -> TITLE2 .)
    REFERENCE       reduce using rule 20 (tag -> TITLE2 .)
    IMAGE           reduce using rule 20 (tag -> TITLE2 .)
    SEPARATION_LINE reduce using rule 20 (tag -> TITLE2 .)
    UL1             reduce using rule 20 (tag -> TITLE2 .)
    UL2             reduce using rule 20 (tag -> TITLE2 .)
    UL3             reduce using rule 20 (tag -> TITLE2 .)
    ITALIC          reduce using rule 20 (tag -> TITLE2 .)
    OL1             reduce using rule 20 (tag -> TITLE2 .)
    OL2             reduce using rule 20 (tag -> TITLE2 .)
    OL3             reduce using rule 20 (tag -> TITLE2 .)
    TITLE1          reduce using rule 20 (tag -> TITLE2 .)
    TITLE2          reduce using rule 20 (tag -> TITLE2 .)
    TITLE3          reduce using rule 20 (tag -> TITLE2 .)
    PARAGRAPHE      reduce using rule 20 (tag -> TITLE2 .)
    $end            reduce using rule 20 (tag -> TITLE2 .)


state 18

    (15) tag -> ITALIC .

    WORD            reduce using rule 15 (tag -> ITALIC .)
    BOLD            reduce using rule 15 (tag -> ITALIC .)
    FLUO            reduce using rule 15 (tag -> ITALIC .)
    LINK            reduce using rule 15 (tag -> ITALIC .)
    REFERENCE       reduce using rule 15 (tag -> ITALIC .)
    IMAGE           reduce using rule 15 (tag -> ITALIC .)
    SEPARATION_LINE reduce using rule 15 (tag -> ITALIC .)
    UL1             reduce using rule 15 (tag -> ITALIC .)
    UL2             reduce using rule 15 (tag -> ITALIC .)
    UL3             reduce using rule 15 (tag -> ITALIC .)
    ITALIC          reduce using rule 15 (tag -> ITALIC .)
    OL1             reduce using rule 15 (tag -> ITALIC .)
    OL2             reduce using rule 15 (tag -> ITALIC .)
    OL3             reduce using rule 15 (tag -> ITALIC .)
    TITLE1          reduce using rule 15 (tag -> ITALIC .)
    TITLE2          reduce using rule 15 (tag -> ITALIC .)
    TITLE3          reduce using rule 15 (tag -> ITALIC .)
    PARAGRAPHE      reduce using rule 15 (tag -> ITALIC .)
    $end            reduce using rule 15 (tag -> ITALIC .)


state 19

    (13) tag -> UL2 .

    WORD            reduce using rule 13 (tag -> UL2 .)
    BOLD            reduce using rule 13 (tag -> UL2 .)
    FLUO            reduce using rule 13 (tag -> UL2 .)
    LINK            reduce using rule 13 (tag -> UL2 .)
    REFERENCE       reduce using rule 13 (tag -> UL2 .)
    IMAGE           reduce using rule 13 (tag -> UL2 .)
    SEPARATION_LINE reduce using rule 13 (tag -> UL2 .)
    UL1             reduce using rule 13 (tag -> UL2 .)
    UL2             reduce using rule 13 (tag -> UL2 .)
    UL3             reduce using rule 13 (tag -> UL2 .)
    ITALIC          reduce using rule 13 (tag -> UL2 .)
    OL1             reduce using rule 13 (tag -> UL2 .)
    OL2             reduce using rule 13 (tag -> UL2 .)
    OL3             reduce using rule 13 (tag -> UL2 .)
    TITLE1          reduce using rule 13 (tag -> UL2 .)
    TITLE2          reduce using rule 13 (tag -> UL2 .)
    TITLE3          reduce using rule 13 (tag -> UL2 .)
    PARAGRAPHE      reduce using rule 13 (tag -> UL2 .)
    $end            reduce using rule 13 (tag -> UL2 .)


state 20

    (2) sentence -> WORD .
    (4) sentence -> WORD . sentence
    (2) sentence -> . WORD
    (3) sentence -> . tag
    (4) sentence -> . WORD sentence
    (5) sentence -> . tag sentence
    (6) tag -> . BOLD
    (7) tag -> . FLUO
    (8) tag -> . LINK
    (9) tag -> . REFERENCE
    (10) tag -> . IMAGE
    (11) tag -> . SEPARATION_LINE
    (12) tag -> . UL1
    (13) tag -> . UL2
    (14) tag -> . UL3
    (15) tag -> . ITALIC
    (16) tag -> . OL1
    (17) tag -> . OL2
    (18) tag -> . OL3
    (19) tag -> . TITLE1
    (20) tag -> . TITLE2
    (21) tag -> . TITLE3
    (22) tag -> . PARAGRAPHE

    $end            reduce using rule 2 (sentence -> WORD .)
    WORD            shift and go to state 20
    BOLD            shift and go to state 4
    FLUO            shift and go to state 10
    LINK            shift and go to state 15
    REFERENCE       shift and go to state 6
    IMAGE           shift and go to state 7
    SEPARATION_LINE shift and go to state 14
    UL1             shift and go to state 8
    UL2             shift and go to state 19
    UL3             shift and go to state 13
    ITALIC          shift and go to state 18
    OL1             shift and go to state 21
    OL2             shift and go to state 5
    OL3             shift and go to state 2
    TITLE1          shift and go to state 16
    TITLE2          shift and go to state 17
    TITLE3          shift and go to state 9
    PARAGRAPHE      shift and go to state 11

    tag                            shift and go to state 1
    sentence                       shift and go to state 23

state 21

    (16) tag -> OL1 .

    WORD            reduce using rule 16 (tag -> OL1 .)
    BOLD            reduce using rule 16 (tag -> OL1 .)
    FLUO            reduce using rule 16 (tag -> OL1 .)
    LINK            reduce using rule 16 (tag -> OL1 .)
    REFERENCE       reduce using rule 16 (tag -> OL1 .)
    IMAGE           reduce using rule 16 (tag -> OL1 .)
    SEPARATION_LINE reduce using rule 16 (tag -> OL1 .)
    UL1             reduce using rule 16 (tag -> OL1 .)
    UL2             reduce using rule 16 (tag -> OL1 .)
    UL3             reduce using rule 16 (tag -> OL1 .)
    ITALIC          reduce using rule 16 (tag -> OL1 .)
    OL1             reduce using rule 16 (tag -> OL1 .)
    OL2             reduce using rule 16 (tag -> OL1 .)
    OL3             reduce using rule 16 (tag -> OL1 .)
    TITLE1          reduce using rule 16 (tag -> OL1 .)
    TITLE2          reduce using rule 16 (tag -> OL1 .)
    TITLE3          reduce using rule 16 (tag -> OL1 .)
    PARAGRAPHE      reduce using rule 16 (tag -> OL1 .)
    $end            reduce using rule 16 (tag -> OL1 .)


state 22

    (5) sentence -> tag sentence .

    $end            reduce using rule 5 (sentence -> tag sentence .)


state 23

    (4) sentence -> WORD sentence .

    $end            reduce using rule 4 (sentence -> WORD sentence .)

